<?xml version="1.0" encoding="UTF-8"?>
<!-- Generated by org.testng.reporters.JUnitReportReporter -->
<testsuite hostname="DESKTOP-HSNMEPH" failures="0" tests="2" name="com.nexsoft.cucumber.runner.CucumberRunner" time="6.513" errors="0" timestamp="2022-06-20T12:07:46 ICT" skipped="0">
  <testcase classname="com.nexsoft.cucumber.runner.CucumberRunner" name="runScenario" time="2.611"/>
  <system-out/>
  <testcase classname="com.nexsoft.cucumber.runner.CucumberRunner" name="runScenario" time="3.902"/>
  <system-out/>
</testsuite> <!-- com.nexsoft.cucumber.runner.CucumberRunner -->
